08:03:39,169 INFO  [org.alfresco.repo.admin] Using database URL 'jdbc:h2:./alf_data_dev/h2_data/alf_dev;MODE=PostgreSQL;AUTO_SERVER=TRUE;DB_CLOSE_ON_EXIT=FALSE;LOCK_TIMEOUT=10000;MVCC=TRUE' with user 'alfresco'.
08:03:45,125 INFO  [org.alfresco.repo.admin] Connected to database H2 version 1.3.174 (2013-10-19)
08:03:56,367 INFO  [org.alfresco.repo.management.subsystems.ChildApplicationContextFactory] Starting 'sysAdmin' subsystem, ID: [sysAdmin, default]
08:03:56,391 INFO  [org.alfresco.repo.management.subsystems.ChildApplicationContextFactory] Startup of 'sysAdmin' subsystem, ID: [sysAdmin, default] complete
08:04:12,031 INFO  [org.springframework.extensions.webscripts.TemplateProcessorRegistry] Registered template processor Repository Template Processor for extension ftl
08:04:12,038 INFO  [org.springframework.extensions.webscripts.ScriptProcessorRegistry] Registered script processor Repository Script Processor for extension js
08:04:21,250 INFO  [org.alfresco.repo.domain.schema.SchemaBootstrap] Connecting to database: jdbc:h2:./alf_data_dev/h2_data/alf_dev, UserName=ALFRESCO, H2 JDBC Driver
08:04:21,250 INFO  [org.alfresco.repo.domain.schema.SchemaBootstrap] Schema managed by database dialect org.hibernate.dialect.H2Dialect.
08:04:24,370 INFO  [org.alfresco.repo.domain.schema.SchemaBootstrap] No changes were made to the schema.
08:04:24,990 INFO  [org.alfresco.repo.management.subsystems.ChildApplicationContextFactory] Starting 'Authentication' subsystem, ID: [Authentication, managed, alfrescoNtlm1]
08:04:25,143 INFO  [org.alfresco.repo.management.subsystems.ChildApplicationContextFactory] Startup of 'Authentication' subsystem, ID: [Authentication, managed, alfrescoNtlm1] complete
08:04:25,481 WARN  [org.jbpm.jpdl.xml.JpdlXmlReader] process xml warning: swimlane 'initiator' does not have an assignment
08:04:25,535 WARN  [org.jbpm.jpdl.xml.JpdlXmlReader] process parse warning: swimlane 'initiator' does not have an assignment
08:04:25,679 WARN  [org.jbpm.jpdl.xml.JpdlXmlReader] process xml warning: swimlane 'initiator' does not have an assignment
08:04:25,680 WARN  [org.jbpm.jpdl.xml.JpdlXmlReader] process parse warning: swimlane 'initiator' does not have an assignment
08:04:25,742 WARN  [org.jbpm.jpdl.xml.JpdlXmlReader] process xml warning: swimlane 'initiator' does not have an assignment
08:04:25,742 WARN  [org.jbpm.jpdl.xml.JpdlXmlReader] process parse warning: swimlane 'initiator' does not have an assignment
08:04:25,785 WARN  [org.jbpm.jpdl.xml.JpdlXmlReader] process xml warning: swimlane 'initiator' does not have an assignment
08:04:25,789 WARN  [org.jbpm.jpdl.xml.JpdlXmlReader] process parse warning: swimlane 'initiator' does not have an assignment
08:04:25,832 WARN  [org.jbpm.jpdl.xml.JpdlXmlReader] process xml warning: swimlane 'initiator' does not have an assignment
08:04:25,833 WARN  [org.jbpm.jpdl.xml.JpdlXmlReader] process parse warning: swimlane 'initiator' does not have an assignment
08:04:25,885 WARN  [org.jbpm.jpdl.xml.JpdlXmlReader] process xml warning: swimlane 'initiator' does not have an assignment
08:04:25,889 WARN  [org.jbpm.jpdl.xml.JpdlXmlReader] process parse warning: swimlane 'initiator' does not have an assignment
08:04:25,928 WARN  [org.jbpm.jpdl.xml.JpdlXmlReader] process xml warning: swimlane 'initiator' does not have an assignment
08:04:25,928 WARN  [org.jbpm.jpdl.xml.JpdlXmlReader] process parse warning: swimlane 'initiator' does not have an assignment
08:04:25,967 WARN  [org.jbpm.jpdl.xml.JpdlXmlReader] process xml warning: swimlane 'initiator' does not have an assignment
08:04:25,968 WARN  [org.jbpm.jpdl.xml.JpdlXmlReader] process parse warning: swimlane 'initiator' does not have an assignment
08:04:26,012 WARN  [org.jbpm.jpdl.xml.JpdlXmlReader] process xml warning: swimlane 'initiator' does not have an assignment
08:04:26,021 WARN  [org.jbpm.jpdl.xml.JpdlXmlReader] process parse warning: swimlane 'initiator' does not have an assignment
08:04:26,293 INFO  [org.alfresco.repo.management.subsystems.ChildApplicationContextFactory] Starting 'Search' subsystem, ID: [Search, managed, lucene]
08:04:31,049 INFO  [org.alfresco.repo.management.subsystems.ChildApplicationContextFactory] Startup of 'Search' subsystem, ID: [Search, managed, lucene] complete
08:04:31,333 INFO  [org.alfresco.repo.management.subsystems.ChildApplicationContextFactory] Starting 'thirdparty' subsystem, ID: [thirdparty, default]
08:04:31,385 ERROR [org.alfresco.repo.content.transform.magick.AbstractImageMagickContentTransformerWorker] ImageMagickContentTransformerWorker not available: 02120001 Failed to perform ImageMagick transformation: 
Execution result: 
   os:         Linux
   command:    ./ImageMagick/bin/convert /tmp/Alfresco/ImageMagickContentTransformerWorker_init_source_8177943862095040262.gif /tmp/Alfresco/ImageMagickContentTransformerWorker_init_target_2049432469447930644.png
   succeeded:  false
   exit code:  410
   out:        
   err:        Cannot run program "./ImageMagick/bin/convert": error=2, No such file or directory
08:04:31,401 ERROR [org.alfresco.repo.content.transform.RuntimeExecutableContentTransformerWorker] Failed to start a runtime executable content transformer: 
Execution result: 
   os:         Linux
   command:    ./bin/pdf2swf -V
   succeeded:  false
   exit code:  1
   out:        
   err:        Cannot run program "./bin/pdf2swf": error=2, No such file or directory
08:04:31,401 INFO  [org.alfresco.repo.management.subsystems.ChildApplicationContextFactory] Startup of 'thirdparty' subsystem, ID: [thirdparty, default] complete
08:04:31,402 INFO  [org.alfresco.repo.management.subsystems.ChildApplicationContextFactory] Starting 'OOoDirect' subsystem, ID: [OOoDirect, default]
08:04:32,425 WARN  [org.alfresco.util.OpenOfficeConnectionTester] An initial OpenOffice connection could not be established.
08:04:32,429 INFO  [org.alfresco.repo.management.subsystems.ChildApplicationContextFactory] Startup of 'OOoDirect' subsystem, ID: [OOoDirect, default] complete
08:04:32,435 INFO  [org.alfresco.repo.admin.ConfigurationChecker] The Alfresco root data directory ('dir.root') is: alf_data_dev
08:04:32,512 INFO  [org.alfresco.repo.admin.patch.PatchExecuter] Checking for patches to apply ...
08:04:33,286 INFO  [org.alfresco.repo.admin.patch.PatchExecuter] No patches were required.
08:04:33,300 INFO  [org.alfresco.repo.module.ModuleServiceImpl] Found 1 module(s).
08:04:33,347 INFO  [org.alfresco.repo.module.ModuleServiceImpl] Upgrading module 'lab-content-model-repo' version 1.0.1503120802 (was 1.0.1503111122).
08:04:33,539 INFO  [org.alfresco.repo.management.subsystems.ChildApplicationContextFactory] Starting 'fileServers' subsystem, ID: [fileServers, default]
08:04:39,202 WARN  [org.alfresco.fileserver] CIFS, Unable to get local domain/workgroup name, using default of WORKGROUP. This may be due to firewall settings or incorrect <broadcast> setting)
08:04:39,272 INFO  [org.alfresco.repo.management.subsystems.ChildApplicationContextFactory] Startup of 'fileServers' subsystem, ID: [fileServers, default] complete
08:04:39,272 INFO  [org.alfresco.repo.management.subsystems.ChildApplicationContextFactory] Starting 'imap' subsystem, ID: [imap, default]
08:04:39,422 INFO  [org.alfresco.repo.management.subsystems.ChildApplicationContextFactory] Startup of 'imap' subsystem, ID: [imap, default] complete
08:04:39,422 INFO  [org.alfresco.repo.management.subsystems.ChildApplicationContextFactory] Starting 'email' subsystem, ID: [email, outbound]
08:04:39,525 INFO  [org.alfresco.repo.management.subsystems.ChildApplicationContextFactory] Startup of 'email' subsystem, ID: [email, outbound] complete
08:04:39,525 INFO  [org.alfresco.repo.management.subsystems.ChildApplicationContextFactory] Starting 'email' subsystem, ID: [email, inbound]
08:04:39,622 INFO  [org.alfresco.repo.management.subsystems.ChildApplicationContextFactory] Startup of 'email' subsystem, ID: [email, inbound] complete
08:04:39,622 INFO  [org.alfresco.repo.management.subsystems.ChildApplicationContextFactory] Starting 'Subscriptions' subsystem, ID: [Subscriptions, default]
08:04:39,640 INFO  [org.alfresco.repo.management.subsystems.ChildApplicationContextFactory] Startup of 'Subscriptions' subsystem, ID: [Subscriptions, default] complete
08:04:39,668 INFO  [org.alfresco.repo.management.subsystems.ChildApplicationContextFactory] Starting 'Synchronization' subsystem, ID: [Synchronization, default]
08:04:39,804 INFO  [org.alfresco.repo.management.subsystems.ChildApplicationContextFactory] Startup of 'Synchronization' subsystem, ID: [Synchronization, default] complete
08:04:39,996 INFO  [org.alfresco.service.descriptor.DescriptorService] Alfresco JVM - v1.7.0_51-b13; maximum heap size 3641.000MB
08:04:39,997 INFO  [org.alfresco.service.descriptor.DescriptorService] Alfresco started (Community). Current version: 4.2.0 (r56674-b4848) schema 6,033. Originally installed version: 4.2.0 (r56674-b4848) schema 6,033.
08:04:40,042 INFO  [org.alfresco.repo.management.subsystems.ChildApplicationContextFactory] Starting 'ActivitiesFeed' subsystem, ID: [ActivitiesFeed, default]
08:04:40,362 INFO  [org.alfresco.repo.management.subsystems.ChildApplicationContextFactory] Startup of 'ActivitiesFeed' subsystem, ID: [ActivitiesFeed, default] complete
08:04:40,363 INFO  [org.alfresco.repo.management.subsystems.ChildApplicationContextFactory] Starting 'Replication' subsystem, ID: [Replication, default]
08:04:40,406 INFO  [org.alfresco.repo.management.subsystems.ChildApplicationContextFactory] Startup of 'Replication' subsystem, ID: [Replication, default] complete
08:05:00,209 WARN  [org.alfresco.util.OpenOfficeConnectionTester] Error trying to query Open Office version information. OpenOffice.org's ConfigurationRegistry not implemented in this version of OOo. This should not affect the operation of OOo.
08:05:00,210 INFO  [org.alfresco.util.OpenOfficeConnectionTester] The OpenOffice connection was re-established.
08:05:05,377 INFO  [org.springframework.extensions.webscripts.DeclarativeRegistry] Registered 494 Web Scripts (+0 failed), 776 URLs
08:05:05,377 INFO  [org.springframework.extensions.webscripts.DeclarativeRegistry] Registered 2 Package Description Documents (+0 failed) 
08:05:05,377 INFO  [org.springframework.extensions.webscripts.DeclarativeRegistry] Registered 1 Schema Description Documents (+0 failed) 
08:05:09,692 INFO  [org.springframework.extensions.webscripts.DeclarativeRegistry] Registered 494 Web Scripts (+0 failed), 776 URLs
08:05:09,693 INFO  [org.springframework.extensions.webscripts.DeclarativeRegistry] Registered 2 Package Description Documents (+0 failed) 
08:05:09,693 INFO  [org.springframework.extensions.webscripts.DeclarativeRegistry] Registered 1 Schema Description Documents (+0 failed) 
08:05:09,699 INFO  [org.springframework.extensions.webscripts.AbstractRuntimeContainer] Initialised Repository Web Script Container (in 13937.331ms)
08:05:09,738 INFO  [org.springframework.extensions.webscripts.TemplateProcessorRegistry] Registered template processor freemarker for extension ftl
08:05:09,739 INFO  [org.springframework.extensions.webscripts.ScriptProcessorRegistry] Registered script processor javascript for extension js
08:05:13,471 INFO  [org.springframework.extensions.webscripts.DeclarativeRegistry] Registered 494 Web Scripts (+0 failed), 776 URLs
08:05:13,471 INFO  [org.springframework.extensions.webscripts.DeclarativeRegistry] Registered 2 Package Description Documents (+0 failed) 
08:05:13,471 INFO  [org.springframework.extensions.webscripts.DeclarativeRegistry] Registered 1 Schema Description Documents (+0 failed) 
08:05:13,794 INFO  [org.springframework.extensions.webscripts.DeclarativeRegistry] Registered 11 Web Scripts (+0 failed), 82 URLs
08:05:13,794 INFO  [org.springframework.extensions.webscripts.DeclarativeRegistry] Registered 0 Package Description Documents (+0 failed) 
08:05:13,794 INFO  [org.springframework.extensions.webscripts.DeclarativeRegistry] Registered 0 Schema Description Documents (+0 failed) 
08:05:13,911 INFO  [org.springframework.extensions.webscripts.DeclarativeRegistry] Registered 11 Web Scripts (+0 failed), 82 URLs
08:05:13,911 INFO  [org.springframework.extensions.webscripts.DeclarativeRegistry] Registered 0 Package Description Documents (+0 failed) 
08:05:13,911 INFO  [org.springframework.extensions.webscripts.DeclarativeRegistry] Registered 0 Schema Description Documents (+0 failed) 
08:05:13,915 INFO  [org.springframework.extensions.webscripts.AbstractRuntimeContainer] Initialised Public Api Web Script Container (in 235.36284ms)
08:05:13,950 INFO  [org.springframework.extensions.webscripts.DeclarativeRegistry] Registered 11 Web Scripts (+0 failed), 82 URLs
08:05:13,950 INFO  [org.springframework.extensions.webscripts.DeclarativeRegistry] Registered 0 Package Description Documents (+0 failed) 
08:05:13,950 INFO  [org.springframework.extensions.webscripts.DeclarativeRegistry] Registered 0 Schema Description Documents (+0 failed) 
08:29:53,787 INFO  [org.alfresco.repo.management.subsystems.ChildApplicationContextFactory] Starting 'Transformers' subsystem, ID: [Transformers, default]
08:29:53,883 ERROR [org.alfresco.repo.content.transform.TransformerConfigDynamicTransformers] Cannot create dynamic transformer transformer.complex.JodConverter.Image as sub transformers could not be found or created ("JodConverter.2Pdf|pdf|complex.PDF.Image").
08:29:53,883 ERROR [org.alfresco.repo.content.transform.TransformerConfigDynamicTransformers] Cannot create dynamic transformer transformer.complex.JodConverter.Pdf2swf as sub transformers could not be found or created ("JodConverter.2Pdf|pdf|Pdf2swf").
08:29:53,884 ERROR [org.alfresco.repo.content.transform.TransformerConfigDynamicTransformers] Cannot create dynamic transformer transformer.JodConverter.Html2Pdf as sub transformers could not be found or created ("JodConverter|odt|JodConverter").
08:29:53,884 ERROR [org.alfresco.repo.content.transform.TransformerConfigDynamicTransformers] Cannot create dynamic transformer transformer.JodConverter.2Pdf as sub transformers could not be found or created ("JodConverter|JodConverter.Html2Pdf").
08:29:53,884 ERROR [org.alfresco.repo.content.transform.TransformerConfigDynamicTransformers] Cannot create dynamic transformer transformer.complex.JodConverter.PdfBox as sub transformers could not be found or created ("JodConverter.2Pdf|pdf|PdfBox").
08:29:54,057 INFO  [org.alfresco.repo.management.subsystems.ChildApplicationContextFactory] Startup of 'Transformers' subsystem, ID: [Transformers, default] complete
